05-Jun-2019 10:06:22.566 INFO [main] org.apache.catalina.startup.VersionLoggerListener.log Server version:        Apache Tomcat/8.5.41
05-Jun-2019 10:06:22.746 INFO [main] org.apache.catalina.startup.VersionLoggerListener.log Server built:          May 4 2019 09:17:16 UTC
05-Jun-2019 10:06:22.746 INFO [main] org.apache.catalina.startup.VersionLoggerListener.log Server number:         8.5.41.0
05-Jun-2019 10:06:22.746 INFO [main] org.apache.catalina.startup.VersionLoggerListener.log OS Name:               Windows 7
05-Jun-2019 10:06:22.756 INFO [main] org.apache.catalina.startup.VersionLoggerListener.log OS Version:            6.1
05-Jun-2019 10:06:22.756 INFO [main] org.apache.catalina.startup.VersionLoggerListener.log Architecture:          amd64
05-Jun-2019 10:06:22.756 INFO [main] org.apache.catalina.startup.VersionLoggerListener.log Java Home:             C:\Program Files\Java\jdk1.8.0_144\jre
05-Jun-2019 10:06:22.756 INFO [main] org.apache.catalina.startup.VersionLoggerListener.log JVM Version:           1.8.0_144-b01
05-Jun-2019 10:06:22.756 INFO [main] org.apache.catalina.startup.VersionLoggerListener.log JVM Vendor:            Oracle Corporation
05-Jun-2019 10:06:22.756 INFO [main] org.apache.catalina.startup.VersionLoggerListener.log CATALINA_BASE:         D:\apache-tomcat-8.5.41
05-Jun-2019 10:06:22.766 INFO [main] org.apache.catalina.startup.VersionLoggerListener.log CATALINA_HOME:         D:\apache-tomcat-8.5.41
05-Jun-2019 10:06:22.766 INFO [main] org.apache.catalina.startup.VersionLoggerListener.log Command line argument: -Djava.util.logging.config.file=D:\apache-tomcat-8.5.41\conf\logging.properties
05-Jun-2019 10:06:22.766 INFO [main] org.apache.catalina.startup.VersionLoggerListener.log Command line argument: -Djava.util.logging.manager=org.apache.juli.ClassLoaderLogManager
05-Jun-2019 10:06:22.766 INFO [main] org.apache.catalina.startup.VersionLoggerListener.log Command line argument: -Djdk.tls.ephemeralDHKeySize=2048
05-Jun-2019 10:06:22.766 INFO [main] org.apache.catalina.startup.VersionLoggerListener.log Command line argument: -Djava.protocol.handler.pkgs=org.apache.catalina.webresources
05-Jun-2019 10:06:22.766 INFO [main] org.apache.catalina.startup.VersionLoggerListener.log Command line argument: -Dignore.endorsed.dirs=
05-Jun-2019 10:06:22.766 INFO [main] org.apache.catalina.startup.VersionLoggerListener.log Command line argument: -Dcatalina.base=D:\apache-tomcat-8.5.41
05-Jun-2019 10:06:22.766 INFO [main] org.apache.catalina.startup.VersionLoggerListener.log Command line argument: -Dcatalina.home=D:\apache-tomcat-8.5.41
05-Jun-2019 10:06:22.776 INFO [main] org.apache.catalina.startup.VersionLoggerListener.log Command line argument: -Djava.io.tmpdir=D:\apache-tomcat-8.5.41\temp
05-Jun-2019 10:06:22.776 INFO [main] org.apache.catalina.core.AprLifecycleListener.lifecycleEvent Loaded APR based Apache Tomcat Native library [1.2.21] using APR version [1.6.5].
05-Jun-2019 10:06:22.776 INFO [main] org.apache.catalina.core.AprLifecycleListener.lifecycleEvent APR capabilities: IPv6 [true], sendfile [true], accept filters [false], random [true].
05-Jun-2019 10:06:22.776 INFO [main] org.apache.catalina.core.AprLifecycleListener.lifecycleEvent APR/OpenSSL configuration: useAprConnector [false], useOpenSSL [true]
05-Jun-2019 10:06:27.002 INFO [main] org.apache.catalina.core.AprLifecycleListener.initializeSSL OpenSSL successfully initialized [OpenSSL 1.1.1a  20 Nov 2018]
05-Jun-2019 10:06:43.066 INFO [main] org.apache.coyote.AbstractProtocol.init Initializing ProtocolHandler ["http-nio-9090"]
05-Jun-2019 10:06:48.897 INFO [main] org.apache.tomcat.util.net.NioSelectorPool.getSharedSelector Using a shared selector for servlet write/read
05-Jun-2019 10:06:49.287 INFO [main] org.apache.coyote.AbstractProtocol.init Initializing ProtocolHandler ["ajp-nio-9090"]
05-Jun-2019 10:06:49.313 SEVERE [main] org.apache.catalina.core.StandardService.initInternal Failed to initialize connector [Connector[AJP/1.3-9090]]
	org.apache.catalina.LifecycleException: Failed to initialize component [Connector[AJP/1.3-9090]]
		at org.apache.catalina.util.LifecycleBase.init(LifecycleBase.java:112)
		at org.apache.catalina.core.StandardService.initInternal(StandardService.java:552)
		at org.apache.catalina.util.LifecycleBase.init(LifecycleBase.java:107)
		at org.apache.catalina.core.StandardServer.initInternal(StandardServer.java:875)
		at org.apache.catalina.util.LifecycleBase.init(LifecycleBase.java:107)
		at org.apache.catalina.startup.Catalina.load(Catalina.java:639)
		at org.apache.catalina.startup.Catalina.load(Catalina.java:662)
		at sun.reflect.NativeMethodAccessorImpl.invoke0(Native Method)
		at sun.reflect.NativeMethodAccessorImpl.invoke(NativeMethodAccessorImpl.java:62)
		at sun.reflect.DelegatingMethodAccessorImpl.invoke(DelegatingMethodAccessorImpl.java:43)
		at java.lang.reflect.Method.invoke(Method.java:498)
		at org.apache.catalina.startup.Bootstrap.load(Bootstrap.java:309)
		at org.apache.catalina.startup.Bootstrap.main(Bootstrap.java:492)
	Caused by: org.apache.catalina.LifecycleException: Protocol handler initialization failed
		at org.apache.catalina.connector.Connector.initInternal(Connector.java:995)
		at org.apache.catalina.util.LifecycleBase.init(LifecycleBase.java:107)
		... 12 more
	Caused by: java.net.BindException: Address already in use: bind
		at sun.nio.ch.Net.bind0(Native Method)
		at sun.nio.ch.Net.bind(Net.java:433)
		at sun.nio.ch.Net.bind(Net.java:425)
		at sun.nio.ch.ServerSocketChannelImpl.bind(ServerSocketChannelImpl.java:223)
		at sun.nio.ch.ServerSocketAdaptor.bind(ServerSocketAdaptor.java:74)
		at org.apache.tomcat.util.net.NioEndpoint.bind(NioEndpoint.java:219)
		at org.apache.tomcat.util.net.AbstractEndpoint.init(AbstractEndpoint.java:1105)
		at org.apache.tomcat.util.net.AbstractJsseEndpoint.init(AbstractJsseEndpoint.java:224)
		at org.apache.coyote.AbstractProtocol.init(AbstractProtocol.java:581)
		at org.apache.catalina.connector.Connector.initInternal(Connector.java:993)
		... 13 more
05-Jun-2019 10:06:49.397 INFO [main] org.apache.catalina.startup.Catalina.load Initialization processed in 37472 ms
05-Jun-2019 10:06:50.151 INFO [main] org.apache.catalina.core.StandardService.startInternal Starting service [Catalina]
05-Jun-2019 10:06:50.152 INFO [main] org.apache.catalina.core.StandardEngine.startInternal Starting Servlet Engine: Apache Tomcat/8.5.41
05-Jun-2019 10:06:51.108 INFO [localhost-startStop-1] org.apache.catalina.startup.HostConfig.deployWAR Deploying web application archive [D:\apache-tomcat-8.5.41\webapps\anurag.war]
05-Jun-2019 10:08:32.038 INFO [localhost-startStop-1] org.apache.jasper.servlet.TldScanner.scanJars At least one JAR was scanned for TLDs yet contained no TLDs. Enable debug logging for this logger for a complete list of JARs that were scanned but no TLDs were found in them. Skipping unneeded JARs during scanning can improve startup time and JSP compilation time.
05-Jun-2019 10:08:52.907 INFO [localhost-startStop-1] org.apache.catalina.startup.HostConfig.deployWAR Deployment of web application archive [D:\apache-tomcat-8.5.41\webapps\anurag.war] has finished in [121,719] ms
05-Jun-2019 10:08:58.691 INFO [localhost-startStop-1] org.apache.catalina.startup.HostConfig.deployWAR Deploying web application archive [D:\apache-tomcat-8.5.41\webapps\hello.war]
05-Jun-2019 10:09:19.079 WARNING [localhost-startStop-1] org.apache.tomcat.util.descriptor.web.WebXml.setVersion Unknown version string [4.0]. Default version will be used.
05-Jun-2019 10:11:53.506 INFO [localhost-startStop-1] org.apache.jasper.servlet.TldScanner.scanJars At least one JAR was scanned for TLDs yet contained no TLDs. Enable debug logging for this logger for a complete list of JARs that were scanned but no TLDs were found in them. Skipping unneeded JARs during scanning can improve startup time and JSP compilation time.
05-Jun-2019 10:11:54.191 INFO [localhost-startStop-1] org.apache.catalina.startup.HostConfig.deployWAR Deployment of web application archive [D:\apache-tomcat-8.5.41\webapps\hello.war] has finished in [175,500] ms
05-Jun-2019 10:11:54.854 INFO [localhost-startStop-1] org.apache.catalina.startup.HostConfig.deployWAR Deploying web application archive [D:\apache-tomcat-8.5.41\webapps\pusp.war]
05-Jun-2019 10:12:12.191 WARNING [localhost-startStop-1] org.apache.tomcat.util.descriptor.web.WebXml.setVersion Unknown version string [4.0]. Default version will be used.
05-Jun-2019 10:13:56.250 INFO [localhost-startStop-1] org.apache.jasper.servlet.TldScanner.scanJars At least one JAR was scanned for TLDs yet contained no TLDs. Enable debug logging for this logger for a complete list of JARs that were scanned but no TLDs were found in them. Skipping unneeded JARs during scanning can improve startup time and JSP compilation time.
05-Jun-2019 10:13:56.340 INFO [localhost-startStop-1] org.apache.catalina.startup.HostConfig.deployWAR Deployment of web application archive [D:\apache-tomcat-8.5.41\webapps\pusp.war] has finished in [121,486] ms
05-Jun-2019 10:13:56.400 INFO [localhost-startStop-1] org.apache.catalina.startup.HostConfig.deployDirectory Deploying web application directory [D:\apache-tomcat-8.5.41\webapps\docs]
05-Jun-2019 10:13:56.728 INFO [localhost-startStop-1] org.apache.catalina.startup.HostConfig.deployDirectory Deployment of web application directory [D:\apache-tomcat-8.5.41\webapps\docs] has finished in [328] ms
05-Jun-2019 10:13:56.728 INFO [localhost-startStop-1] org.apache.catalina.startup.HostConfig.deployDirectory Deploying web application directory [D:\apache-tomcat-8.5.41\webapps\examples]
05-Jun-2019 10:14:26.312 INFO [localhost-startStop-1] org.apache.catalina.startup.HostConfig.deployDirectory Deployment of web application directory [D:\apache-tomcat-8.5.41\webapps\examples] has finished in [29,584] ms
05-Jun-2019 10:14:26.313 INFO [localhost-startStop-1] org.apache.catalina.startup.HostConfig.deployDirectory Deploying web application directory [D:\apache-tomcat-8.5.41\webapps\host-manager]
05-Jun-2019 10:14:27.335 INFO [localhost-startStop-1] org.apache.catalina.startup.HostConfig.deployDirectory Deployment of web application directory [D:\apache-tomcat-8.5.41\webapps\host-manager] has finished in [1,022] ms
05-Jun-2019 10:14:27.335 INFO [localhost-startStop-1] org.apache.catalina.startup.HostConfig.deployDirectory Deploying web application directory [D:\apache-tomcat-8.5.41\webapps\manager]
05-Jun-2019 10:14:27.751 INFO [localhost-startStop-1] org.apache.catalina.startup.HostConfig.deployDirectory Deployment of web application directory [D:\apache-tomcat-8.5.41\webapps\manager] has finished in [416] ms
05-Jun-2019 10:14:27.751 INFO [localhost-startStop-1] org.apache.catalina.startup.HostConfig.deployDirectory Deploying web application directory [D:\apache-tomcat-8.5.41\webapps\ROOT]
05-Jun-2019 10:14:28.145 INFO [localhost-startStop-1] org.apache.catalina.startup.HostConfig.deployDirectory Deployment of web application directory [D:\apache-tomcat-8.5.41\webapps\ROOT] has finished in [393] ms
05-Jun-2019 10:14:28.368 INFO [main] org.apache.coyote.AbstractProtocol.start Starting ProtocolHandler ["http-nio-9090"]
05-Jun-2019 10:14:28.450 INFO [main] org.apache.catalina.startup.Catalina.start Server startup in 459057 ms
05-Jun-2019 10:25:27.265 INFO [http-nio-9090-exec-9] org.apache.catalina.startup.HostConfig.deployWAR Deploying web application archive [D:\apache-tomcat-8.5.41\webapps\springdemoapp.war]
05-Jun-2019 10:25:34.424 WARNING [http-nio-9090-exec-9] org.apache.tomcat.util.descriptor.web.WebXml.setVersion Unknown version string [4.0]. Default version will be used.
05-Jun-2019 10:25:36.224 INFO [http-nio-9090-exec-9] org.apache.jasper.servlet.TldScanner.scanJars At least one JAR was scanned for TLDs yet contained no TLDs. Enable debug logging for this logger for a complete list of JARs that were scanned but no TLDs were found in them. Skipping unneeded JARs during scanning can improve startup time and JSP compilation time.
05-Jun-2019 10:25:36.229 INFO [http-nio-9090-exec-9] org.apache.catalina.startup.HostConfig.deployWAR Deployment of web application archive [D:\apache-tomcat-8.5.41\webapps\springdemoapp.war] has finished in [8,965] ms
05-Jun-2019 10:26:22.583 INFO [http-nio-9090-exec-3] org.apache.catalina.startup.HostConfig.undeploy Undeploying context [/hello]
05-Jun-2019 11:08:12.493 INFO [http-nio-9090-exec-15] org.apache.catalina.startup.HostConfig.undeploy Undeploying context [/springdemoapp]
05-Jun-2019 11:08:16.350 INFO [http-nio-9090-exec-13] org.apache.catalina.startup.HostConfig.deployWAR Deploying web application archive [D:\apache-tomcat-8.5.41\webapps\springdemoapp.war]
05-Jun-2019 11:08:17.894 WARNING [http-nio-9090-exec-13] org.apache.tomcat.util.descriptor.web.WebXml.setVersion Unknown version string [4.0]. Default version will be used.
05-Jun-2019 11:08:35.796 INFO [http-nio-9090-exec-13] org.apache.jasper.servlet.TldScanner.scanJars At least one JAR was scanned for TLDs yet contained no TLDs. Enable debug logging for this logger for a complete list of JARs that were scanned but no TLDs were found in them. Skipping unneeded JARs during scanning can improve startup time and JSP compilation time.
05-Jun-2019 11:08:35.860 INFO [http-nio-9090-exec-13] org.apache.catalina.startup.HostConfig.deployWAR Deployment of web application archive [D:\apache-tomcat-8.5.41\webapps\springdemoapp.war] has finished in [19,510] ms
