03-Jun-2019 15:12:07.582 INFO [http-nio-9090-exec-5] org.apache.catalina.core.ApplicationContext.log Manager: init: Associated with Deployer 'Catalina:type=Deployer,host=localhost'
03-Jun-2019 15:12:07.582 INFO [http-nio-9090-exec-5] org.apache.catalina.core.ApplicationContext.log Manager: init: Global resources are available
03-Jun-2019 15:12:07.583 INFO [http-nio-9090-exec-5] org.apache.catalina.core.ApplicationContext.log Manager: list: Listing contexts for virtual host 'localhost'
03-Jun-2019 15:12:07.589 INFO [http-nio-9090-exec-6] org.apache.catalina.core.ApplicationContext.log Manager: deploy: Deploying web application '/pusp'
03-Jun-2019 15:12:07.589 INFO [http-nio-9090-exec-6] org.apache.catalina.core.ApplicationContext.log Manager: Uploading WAR file to D:\apache-tomcat-8.5.41\webapps\pusp.war
03-Jun-2019 15:12:21.816 INFO [http-nio-9090-exec-10] org.apache.catalina.core.ApplicationContext.log HTMLManager: init: Associated with Deployer 'Catalina:type=Deployer,host=localhost'
03-Jun-2019 15:12:21.817 INFO [http-nio-9090-exec-10] org.apache.catalina.core.ApplicationContext.log HTMLManager: init: Global resources are available
03-Jun-2019 15:12:21.854 INFO [http-nio-9090-exec-10] org.apache.catalina.core.ApplicationContext.log HTMLManager: list: Listing contexts for virtual host 'localhost'
03-Jun-2019 15:19:26.234 INFO [http-nio-9090-exec-5] org.apache.catalina.core.ApplicationContext.log Manager: list: Listing contexts for virtual host 'localhost'
03-Jun-2019 15:19:26.255 INFO [http-nio-9090-exec-8] org.apache.catalina.core.ApplicationContext.log Manager: list: Listing contexts for virtual host 'localhost'
03-Jun-2019 15:19:26.255 INFO [http-nio-9090-exec-6] org.apache.catalina.core.ApplicationContext.log Manager: undeploy: Undeploying web application at '/pusp'
03-Jun-2019 15:19:27.320 INFO [http-nio-9090-exec-5] org.apache.catalina.core.ApplicationContext.log Manager: deploy: Deploying web application '/pusp'
03-Jun-2019 15:19:27.320 INFO [http-nio-9090-exec-5] org.apache.catalina.core.ApplicationContext.log Manager: Uploading WAR file to D:\apache-tomcat-8.5.41\webapps\pusp.war
03-Jun-2019 15:19:54.024 INFO [http-nio-9090-exec-9] org.apache.catalina.core.ApplicationContext.log HTMLManager: list: Listing contexts for virtual host 'localhost'
03-Jun-2019 16:40:59.964 INFO [http-nio-9090-exec-6] org.apache.catalina.core.ApplicationContext.log HTMLManager: init: Associated with Deployer 'Catalina:type=Deployer,host=localhost'
03-Jun-2019 16:40:59.965 INFO [http-nio-9090-exec-6] org.apache.catalina.core.ApplicationContext.log HTMLManager: init: Global resources are available
03-Jun-2019 16:40:59.991 INFO [http-nio-9090-exec-6] org.apache.catalina.core.ApplicationContext.log HTMLManager: list: Listing contexts for virtual host 'localhost'
03-Jun-2019 16:42:05.206 INFO [http-nio-9090-exec-9] org.apache.catalina.core.ApplicationContext.log Manager: init: Associated with Deployer 'Catalina:type=Deployer,host=localhost'
03-Jun-2019 16:42:05.207 INFO [http-nio-9090-exec-9] org.apache.catalina.core.ApplicationContext.log Manager: init: Global resources are available
03-Jun-2019 16:42:05.207 INFO [http-nio-9090-exec-9] org.apache.catalina.core.ApplicationContext.log Manager: list: Listing contexts for virtual host 'localhost'
03-Jun-2019 16:42:05.228 INFO [http-nio-9090-exec-10] org.apache.catalina.core.ApplicationContext.log Manager: deploy: Deploying web application '/hello'
03-Jun-2019 16:42:05.228 INFO [http-nio-9090-exec-10] org.apache.catalina.core.ApplicationContext.log Manager: Uploading WAR file to D:\apache-tomcat-8.5.41\webapps\hello.war
03-Jun-2019 16:42:32.145 INFO [http-nio-9090-exec-1] org.apache.catalina.core.ApplicationContext.log HTMLManager: list: Listing contexts for virtual host 'localhost'
03-Jun-2019 19:05:53.253 INFO [http-nio-9090-exec-3] org.apache.catalina.core.ApplicationContext.log HTMLManager: init: Associated with Deployer 'Catalina:type=Deployer,host=localhost'
03-Jun-2019 19:05:53.253 INFO [http-nio-9090-exec-3] org.apache.catalina.core.ApplicationContext.log HTMLManager: init: Global resources are available
03-Jun-2019 19:05:53.327 INFO [http-nio-9090-exec-3] org.apache.catalina.core.ApplicationContext.log HTMLManager: list: Listing contexts for virtual host 'localhost'
03-Jun-2019 19:10:14.984 INFO [http-nio-9090-exec-10] org.apache.catalina.core.ApplicationContext.log Manager: init: Associated with Deployer 'Catalina:type=Deployer,host=localhost'
03-Jun-2019 19:10:14.984 INFO [http-nio-9090-exec-10] org.apache.catalina.core.ApplicationContext.log Manager: init: Global resources are available
03-Jun-2019 19:10:14.984 INFO [http-nio-9090-exec-10] org.apache.catalina.core.ApplicationContext.log Manager: list: Listing contexts for virtual host 'localhost'
03-Jun-2019 19:10:15.000 INFO [http-nio-9090-exec-2] org.apache.catalina.core.ApplicationContext.log Manager: list: Listing contexts for virtual host 'localhost'
03-Jun-2019 19:10:15.021 INFO [http-nio-9090-exec-1] org.apache.catalina.core.ApplicationContext.log Manager: undeploy: Undeploying web application at '/hello'
03-Jun-2019 19:10:16.246 INFO [http-nio-9090-exec-10] org.apache.catalina.core.ApplicationContext.log Manager: deploy: Deploying web application '/hello'
03-Jun-2019 19:10:16.247 INFO [http-nio-9090-exec-10] org.apache.catalina.core.ApplicationContext.log Manager: Uploading WAR file to D:\apache-tomcat-8.5.41\webapps\hello.war
03-Jun-2019 19:10:59.947 INFO [http-nio-9090-exec-3] org.apache.catalina.core.ApplicationContext.log HTMLManager: list: Listing contexts for virtual host 'localhost'
03-Jun-2019 19:12:06.315 INFO [http-nio-9090-exec-14] org.apache.catalina.core.ApplicationContext.log HTMLManager: list: Listing contexts for virtual host 'localhost'
03-Jun-2019 19:12:19.441 INFO [http-nio-9090-exec-17] org.apache.catalina.core.ApplicationContext.log HTMLManager: restart: Reloading web application '/anurag'
03-Jun-2019 19:12:22.784 INFO [http-nio-9090-exec-17] org.apache.catalina.core.ApplicationContext.log HTMLManager: list: Listing contexts for virtual host 'localhost'
03-Jun-2019 19:12:26.670 INFO [http-nio-9090-exec-11] org.apache.catalina.core.ApplicationContext.log HTMLManager: restart: Reloading web application '/hello'
03-Jun-2019 19:12:28.236 INFO [http-nio-9090-exec-11] org.apache.catalina.core.ApplicationContext.log HTMLManager: list: Listing contexts for virtual host 'localhost'
