11-Jun-2019 12:28:30.151 INFO [http-nio-9090-exec-6] org.apache.catalina.core.ApplicationContext.log Manager: init: Associated with Deployer 'Catalina:type=Deployer,host=localhost'
11-Jun-2019 12:28:30.151 INFO [http-nio-9090-exec-6] org.apache.catalina.core.ApplicationContext.log Manager: init: Global resources are available
11-Jun-2019 12:28:30.151 INFO [http-nio-9090-exec-6] org.apache.catalina.core.ApplicationContext.log Manager: list: Listing contexts for virtual host 'localhost'
11-Jun-2019 12:28:30.161 INFO [http-nio-9090-exec-8] org.apache.catalina.core.ApplicationContext.log Manager: deploy: Deploying web application '/newanu'
11-Jun-2019 12:28:30.161 INFO [http-nio-9090-exec-8] org.apache.catalina.core.ApplicationContext.log Manager: Uploading WAR file to D:\apache-tomcat-8.5.41\webapps\newanu.war
11-Jun-2019 12:29:47.411 INFO [http-nio-9090-exec-9] org.apache.catalina.core.ApplicationContext.log HTMLManager: init: Associated with Deployer 'Catalina:type=Deployer,host=localhost'
11-Jun-2019 12:29:47.411 INFO [http-nio-9090-exec-9] org.apache.catalina.core.ApplicationContext.log HTMLManager: init: Global resources are available
11-Jun-2019 12:29:47.450 INFO [http-nio-9090-exec-9] org.apache.catalina.core.ApplicationContext.log HTMLManager: list: Listing contexts for virtual host 'localhost'
11-Jun-2019 12:31:43.506 INFO [http-nio-9090-exec-4] org.apache.catalina.core.ApplicationContext.log Manager: list: Listing contexts for virtual host 'localhost'
11-Jun-2019 12:31:43.506 INFO [http-nio-9090-exec-6] org.apache.catalina.core.ApplicationContext.log Manager: deploy: Deploying web application '/QuizMaster'
11-Jun-2019 12:31:43.506 INFO [http-nio-9090-exec-6] org.apache.catalina.core.ApplicationContext.log Manager: Uploading WAR file to D:\apache-tomcat-8.5.41\webapps\QuizMaster.war
11-Jun-2019 12:32:13.543 INFO [http-nio-9090-exec-10] org.apache.catalina.core.ApplicationContext.log HTMLManager: list: Listing contexts for virtual host 'localhost'
11-Jun-2019 12:32:22.516 INFO [http-nio-9090-exec-4] org.apache.catalina.core.ApplicationContext.log HTMLManager: undeploy: Undeploying web application at '/newanu'
11-Jun-2019 12:32:23.402 INFO [http-nio-9090-exec-4] org.apache.catalina.core.ApplicationContext.log HTMLManager: list: Listing contexts for virtual host 'localhost'
11-Jun-2019 12:33:13.669 INFO [http-nio-9090-exec-1] org.apache.catalina.core.ApplicationContext.log HTMLManager: list: Listing contexts for virtual host 'localhost'
11-Jun-2019 12:35:35.542 INFO [http-nio-9090-exec-12] org.apache.catalina.core.ApplicationContext.log Manager: list: Listing contexts for virtual host 'localhost'
11-Jun-2019 12:35:35.545 INFO [http-nio-9090-exec-13] org.apache.catalina.core.ApplicationContext.log Manager: list: Listing contexts for virtual host 'localhost'
11-Jun-2019 12:35:35.547 INFO [http-nio-9090-exec-14] org.apache.catalina.core.ApplicationContext.log Manager: undeploy: Undeploying web application at '/QuizMaster'
11-Jun-2019 12:35:37.445 INFO [http-nio-9090-exec-15] org.apache.catalina.core.ApplicationContext.log Manager: deploy: Deploying web application '/QuizMaster'
11-Jun-2019 12:35:37.445 INFO [http-nio-9090-exec-15] org.apache.catalina.core.ApplicationContext.log Manager: Uploading WAR file to D:\apache-tomcat-8.5.41\webapps\QuizMaster.war
11-Jun-2019 12:35:59.049 INFO [http-nio-9090-exec-13] org.apache.catalina.core.ApplicationContext.log HTMLManager: list: Listing contexts for virtual host 'localhost'
11-Jun-2019 12:36:01.714 INFO [http-nio-9090-exec-11] org.apache.catalina.core.ApplicationContext.log HTMLManager: list: Listing contexts for virtual host 'localhost'
11-Jun-2019 12:36:07.229 INFO [http-nio-9090-exec-21] org.apache.catalina.core.ApplicationContext.log HTMLManager: undeploy: Undeploying web application at '/QuizMaster'
11-Jun-2019 12:36:07.868 INFO [http-nio-9090-exec-21] org.apache.catalina.core.ApplicationContext.log HTMLManager: list: Listing contexts for virtual host 'localhost'
11-Jun-2019 12:36:25.864 INFO [http-nio-9090-exec-25] org.apache.catalina.core.ApplicationContext.log Manager: list: Listing contexts for virtual host 'localhost'
11-Jun-2019 12:36:25.864 INFO [http-nio-9090-exec-23] org.apache.catalina.core.ApplicationContext.log Manager: deploy: Deploying web application '/QuizMasters'
11-Jun-2019 12:36:25.864 INFO [http-nio-9090-exec-23] org.apache.catalina.core.ApplicationContext.log Manager: Uploading WAR file to D:\apache-tomcat-8.5.41\webapps\QuizMasters.war
11-Jun-2019 12:36:52.387 INFO [http-nio-9090-exec-16] org.apache.catalina.core.ApplicationContext.log HTMLManager: undeploy: Undeploying web application at '/QuizMaster'
11-Jun-2019 12:36:52.388 INFO [http-nio-9090-exec-16] org.apache.catalina.core.ApplicationContext.log HTMLManager: list: Listing contexts for virtual host 'localhost'
11-Jun-2019 12:37:55.149 INFO [http-nio-9090-exec-31] org.apache.catalina.core.ApplicationContext.log Manager: list: Listing contexts for virtual host 'localhost'
11-Jun-2019 12:37:55.152 INFO [http-nio-9090-exec-32] org.apache.catalina.core.ApplicationContext.log Manager: list: Listing contexts for virtual host 'localhost'
11-Jun-2019 12:37:55.156 INFO [http-nio-9090-exec-33] org.apache.catalina.core.ApplicationContext.log Manager: undeploy: Undeploying web application at '/QuizMasters'
11-Jun-2019 12:37:56.033 INFO [http-nio-9090-exec-32] org.apache.catalina.core.ApplicationContext.log Manager: deploy: Deploying web application '/QuizMasters'
11-Jun-2019 12:37:56.033 INFO [http-nio-9090-exec-32] org.apache.catalina.core.ApplicationContext.log Manager: Uploading WAR file to D:\apache-tomcat-8.5.41\webapps\QuizMasters.war
11-Jun-2019 12:38:04.321 INFO [http-nio-9090-exec-36] org.apache.catalina.core.ApplicationContext.log HTMLManager: undeploy: Undeploying web application at '/QuizMasters'
11-Jun-2019 12:38:04.978 INFO [http-nio-9090-exec-36] org.apache.catalina.core.ApplicationContext.log HTMLManager: list: Listing contexts for virtual host 'localhost'
11-Jun-2019 12:38:21.363 INFO [http-nio-9090-exec-29] org.apache.catalina.core.ApplicationContext.log HTMLManager: undeploy: Undeploying web application at '/QuizMasters'
11-Jun-2019 12:38:21.364 INFO [http-nio-9090-exec-29] org.apache.catalina.core.ApplicationContext.log HTMLManager: list: Listing contexts for virtual host 'localhost'
11-Jun-2019 12:38:59.213 INFO [http-nio-9090-exec-37] org.apache.catalina.core.ApplicationContext.log Manager: list: Listing contexts for virtual host 'localhost'
11-Jun-2019 12:38:59.213 INFO [http-nio-9090-exec-40] org.apache.catalina.core.ApplicationContext.log Manager: deploy: Deploying web application '/QuizMaster'
11-Jun-2019 12:38:59.213 INFO [http-nio-9090-exec-40] org.apache.catalina.core.ApplicationContext.log Manager: Uploading WAR file to D:\apache-tomcat-8.5.41\webapps\QuizMaster.war
11-Jun-2019 12:39:31.216 INFO [http-nio-9090-exec-42] org.apache.catalina.core.ApplicationContext.log HTMLManager: undeploy: Undeploying web application at '/QuizMasters'
11-Jun-2019 12:39:31.216 INFO [http-nio-9090-exec-42] org.apache.catalina.core.ApplicationContext.log HTMLManager: list: Listing contexts for virtual host 'localhost'
11-Jun-2019 14:38:21.227 INFO [http-nio-9080-exec-8] org.apache.catalina.core.ApplicationContext.log HTMLManager: init: Associated with Deployer 'Catalina:type=Deployer,host=localhost'
11-Jun-2019 14:38:21.228 INFO [http-nio-9080-exec-8] org.apache.catalina.core.ApplicationContext.log HTMLManager: init: Global resources are available
11-Jun-2019 14:38:21.278 INFO [http-nio-9080-exec-8] org.apache.catalina.core.ApplicationContext.log HTMLManager: list: Listing contexts for virtual host 'localhost'
11-Jun-2019 14:53:19.856 INFO [http-nio-9080-exec-8] org.apache.catalina.core.ApplicationContext.log Manager: init: Associated with Deployer 'Catalina:type=Deployer,host=localhost'
11-Jun-2019 14:53:19.857 INFO [http-nio-9080-exec-8] org.apache.catalina.core.ApplicationContext.log Manager: init: Global resources are available
11-Jun-2019 14:53:19.858 INFO [http-nio-9080-exec-8] org.apache.catalina.core.ApplicationContext.log Manager: list: Listing contexts for virtual host 'localhost'
11-Jun-2019 14:53:20.115 INFO [http-nio-9080-exec-7] org.apache.catalina.core.ApplicationContext.log Manager: list: Listing contexts for virtual host 'localhost'
11-Jun-2019 14:53:20.146 INFO [http-nio-9080-exec-6] org.apache.catalina.core.ApplicationContext.log Manager: undeploy: Undeploying web application at '/QuizMaster'
11-Jun-2019 14:53:25.949 INFO [http-nio-9080-exec-7] org.apache.catalina.core.ApplicationContext.log Manager: deploy: Deploying web application '/QuizMaster'
11-Jun-2019 14:53:25.949 INFO [http-nio-9080-exec-7] org.apache.catalina.core.ApplicationContext.log Manager: Uploading WAR file to D:\apache-tomcat-8.5.41\webapps\QuizMaster.war
11-Jun-2019 15:00:06.993 INFO [http-nio-9080-exec-14] org.apache.catalina.core.ApplicationContext.log HTMLManager: list: Listing contexts for virtual host 'localhost'
